<?xml version="1.0" encoding="UTF-8"?>
<!-- Generated by org.testng.reporters.JUnitReportReporter -->
<testsuite hostname="LAPTOP-AI8AGAUK" failures="0" tests="2" name="testNGActivities.TestNgActivity1" time="27.342" errors="0" timestamp="2020-12-21T20:25:36 PST" skipped="1">
  <testcase classname="testNGActivities.TestNgActivity1" name="exampleTestCase" time="27.342"/>
  <system-out/>
  <testcase classname="testNGActivities.TestNgActivity1" name="test2">
    <skipped/>
  </testcase> <!-- test2 -->
  <system-out/>
</testsuite> <!-- testNGActivities.TestNgActivity1 -->
