<?xml version="1.0" encoding="UTF-8"?>
<!-- Generated by org.testng.reporters.JUnitReportReporter -->
<testsuite hostname="LAPTOP-AI8AGAUK" failures="0" tests="1" name="testNGActivities.TestNGTest2" time="0.010" errors="0" timestamp="2021-01-17T21:30:06 PST" skipped="0">
  <testcase classname="testNGActivities.TestNGTest2" name="third" time="0.010"/>
  <system-out>
Typing hello world3  </system-out>
</testsuite> <!-- testNGActivities.TestNGTest2 -->
