<?xml version="1.0" encoding="UTF-8"?>
<!-- Generated by org.testng.reporters.JUnitReportReporter -->
<testsuite hostname="LAPTOP-AI8AGAUK" failures="0" tests="3" name="testNGActivities.Activity9" time="1.191" errors="0" timestamp="2021-02-15T21:28:08 PST" skipped="0">
  <testcase classname="testNGActivities.Activity9" name="simpleAlertTestCase" time="0.271"/>
  <system-out>
simpleAlertTestCase() started | Simple Alert opened | Switched foucs to alert | Alert text is: This is a JavaScript Alert! | Alert closed Test case ended |  </system-out>
  <testcase classname="testNGActivities.Activity9" name="confirmAlertTestCase" time="0.678"/>
  <system-out>
confirmAlertTestCase() started | Confirm Alert opened | Switched foucs to alert | Alert text is: This is a JavaScript Confirmation! | Alert closed | Test case ended |  </system-out>
  <testcase classname="testNGActivities.Activity9" name="promptAlertTestCase" time="0.242"/>
  <system-out>
promptAlertTestCase() started | Prompt Alert opened | Switched foucs to alert | Alert text is: This is a JavaScript Prompt! | Text entered in prompt alert | Alert closed | Test case ended |  </system-out>
</testsuite> <!-- testNGActivities.Activity9 -->
