<?xml version="1.0" encoding="UTF-8"?>
<!-- Generated by org.testng.reporters.JUnitReportReporter -->
<testsuite hostname="LAPTOP-AI8AGAUK" failures="0" tests="1" name="testNGActivities.Activity6" time="0.487" errors="0" timestamp="2021-02-15T21:14:34 PST" skipped="0">
  <testcase classname="testNGActivities.Activity6" name="loginTestCase" time="0.487"/>
  <system-out/>
</testsuite> <!-- testNGActivities.Activity6 -->
