<?xml version="1.0" encoding="UTF-8"?>
<!-- Generated by org.testng.reporters.JUnitReportReporter -->
<testsuite hostname="LAPTOP-AI8AGAUK" failures="0" tests="3" name="testNGActivities.TestNGTest1" time="0.015" errors="0" timestamp="2021-01-17T21:30:06 PST" skipped="0">
  <testcase classname="testNGActivities.TestNGTest1" name="first" time="0.008"/>
  <system-out>
Typing hello world  </system-out>
  <testcase classname="testNGActivities.TestNGTest1" name="second" time="0.004"/>
  <system-out>
Typing hello world 2  </system-out>
  <testcase classname="testNGActivities.TestNGTest1" name="third" time="0.003"/>
  <system-out/>
</testsuite> <!-- testNGActivities.TestNGTest1 -->
