<?xml version="1.0" encoding="UTF-8"?>
<!-- Generated by org.testng.reporters.JUnitReportReporter -->
<testsuite hostname="LAPTOP-AI8AGAUK" failures="0" tests="1" name="testNGActivities.Activity3" time="0.516" errors="0" timestamp="2020-12-21T20:45:00 PST" skipped="0">
  <testcase classname="testNGActivities.Activity3" name="loginTest" time="0.516"/>
  <system-out>
Username entered Password entered  </system-out>
</testsuite> <!-- testNGActivities.Activity3 -->
